<?xml version="1.0" encoding="UTF-8"?>
<robot generator="Robot 7.4.1 (Python 3.12.0 on win32)" generated="2026-02-23T14:13:12.056817" rpa="false" schemaversion="5">
<suite id="s1" name="First" source="C:\Users\KIIT01\PycharmProjects\Selenium\Ecommerce\first.robot">
<test id="s1-t1" name="Register User On Automation Exercise" line="22">
<kw name="Open Browser" owner="SeleniumLibrary">
<msg time="2026-02-23T14:13:12.226718" level="INFO">Opening browser 'Chrome' to base url 'http://automationexercise.com'.</msg>
<arg>${URL}</arg>
<arg>${BROWSER}</arg>
<doc>Opens a new browser instance to the optional ``url``.</doc>
<status status="PASS" start="2026-02-23T14:13:12.226718" elapsed="3.561707"/>
</kw>
<kw name="Maximize Browser Window" owner="SeleniumLibrary">
<doc>Maximizes current browser window.</doc>
<status status="PASS" start="2026-02-23T14:13:15.789578" elapsed="0.029387"/>
</kw>
<kw name="Wait Until Element Is Visible" owner="SeleniumLibrary">
<arg>xpath=//a[@href='/']</arg>
<arg>timeout=10s</arg>
<doc>Waits until the element ``locator`` is visible.</doc>
<status status="PASS" start="2026-02-23T14:13:15.818965" elapsed="0.030026"/>
</kw>
<kw name="Element Should Be Visible" owner="SeleniumLibrary">
<msg time="2026-02-23T14:13:15.870685" level="INFO">Element 'xpath=//a[@href='/']' is displayed.</msg>
<arg>xpath=//a[@href='/']</arg>
<doc>Verifies that the element identified by ``locator`` is visible.</doc>
<status status="PASS" start="2026-02-23T14:13:15.848991" elapsed="0.021694"/>
</kw>
<kw name="Click Element" owner="SeleniumLibrary">
<msg time="2026-02-23T14:13:15.871695" level="INFO">Clicking element 'xpath=//a[@href='/login']'.</msg>
<arg>xpath=//a[@href='/login']</arg>
<doc>Click the element identified by ``locator``.</doc>
<status status="PASS" start="2026-02-23T14:13:15.871695" elapsed="1.511595"/>
</kw>
<kw name="Wait Until Element Is Visible" owner="SeleniumLibrary">
<arg>xpath=//h2[text()='New User Signup!']</arg>
<arg>timeout=10s</arg>
<doc>Waits until the element ``locator`` is visible.</doc>
<status status="PASS" start="2026-02-23T14:13:17.383290" elapsed="0.024972"/>
</kw>
<kw name="Generate Random String" owner="String">
<msg time="2026-02-23T14:13:17.409269" level="INFO">${random_string} = gared</msg>
<var>${random_string}</var>
<arg>5</arg>
<arg>[LOWER]</arg>
<doc>Generates a string with a desired ``length`` from the given ``chars``.</doc>
<status status="PASS" start="2026-02-23T14:13:17.409269" elapsed="0.000000"/>
</kw>
<kw name="Set Variable" owner="BuiltIn">
<msg time="2026-02-23T14:13:17.410805" level="INFO">${random_email} = sushantgared@gmail.com</msg>
<var>${random_email}</var>
<arg>sushant${random_string}@gmail.com</arg>
<doc>Returns the given values which can then be assigned to a variables.</doc>
<status status="PASS" start="2026-02-23T14:13:17.409269" elapsed="0.001536"/>
</kw>
<kw name="Input Text" owner="SeleniumLibrary">
<msg time="2026-02-23T14:13:17.410805" level="INFO">Typing text 'SUSHANT' into text field 'css=[data-qa="signup-name"]'.</msg>
<arg>css=[data-qa="signup-name"]</arg>
<arg>${NAME}</arg>
<doc>Types the given ``text`` into the text field identified by ``locator``.</doc>
<status status="PASS" start="2026-02-23T14:13:17.410805" elapsed="0.096118"/>
</kw>
<kw name="Input Text" owner="SeleniumLibrary">
<msg time="2026-02-23T14:13:17.509438" level="INFO">Typing text 'sushantgared@gmail.com' into text field 'css=[data-qa="signup-email"]'.</msg>
<arg>css=[data-qa="signup-email"]</arg>
<arg>${random_email}</arg>
<doc>Types the given ``text`` into the text field identified by ``locator``.</doc>
<status status="PASS" start="2026-02-23T14:13:17.508430" elapsed="0.211964"/>
</kw>
<kw name="Click Button" owner="SeleniumLibrary">
<msg time="2026-02-23T14:13:17.721400" level="INFO">Clicking button 'css=[data-qa="signup-button"]'.</msg>
<arg>css=[data-qa="signup-button"]</arg>
<doc>Clicks the button identified by ``locator``.</doc>
<status status="PASS" start="2026-02-23T14:13:17.720394" elapsed="0.167752"/>
</kw>
<kw name="Wait Until Element Is Visible" owner="SeleniumLibrary">
<arg>xpath=//b[text()='Enter Account Information']</arg>
<arg>timeout=10s</arg>
<doc>Waits until the element ``locator`` is visible.</doc>
<status status="PASS" start="2026-02-23T14:13:17.888146" elapsed="0.668075"/>
</kw>
<kw name="Click Element" owner="SeleniumLibrary">
<msg time="2026-02-23T14:13:18.557751" level="INFO">Clicking element 'id=id_gender1'.</msg>
<arg>id=id_gender1</arg>
<doc>Click the element identified by ``locator``.</doc>
<status status="PASS" start="2026-02-23T14:13:18.557751" elapsed="0.050432"/>
</kw>
<kw name="Input Text" owner="SeleniumLibrary">
<msg time="2026-02-23T14:13:18.608183" level="INFO">Typing text 'Test@1234' into text field 'id=password'.</msg>
<arg>id=password</arg>
<arg>${PASSWORD}</arg>
<doc>Types the given ``text`` into the text field identified by ``locator``.</doc>
<status status="PASS" start="2026-02-23T14:13:18.608183" elapsed="0.059047"/>
</kw>
<kw name="Select From List By Value" owner="SeleniumLibrary">
<msg time="2026-02-23T14:13:18.667230" level="INFO">Selecting options from selection list 'id=days' by value 10.</msg>
<arg>id=days</arg>
<arg>10</arg>
<doc>Selects options from selection list ``locator`` by ``values``.</doc>
<status status="PASS" start="2026-02-23T14:13:18.667230" elapsed="0.060962"/>
</kw>
<kw name="Select From List By Value" owner="SeleniumLibrary">
<msg time="2026-02-23T14:13:18.729197" level="INFO">Selecting options from selection list 'id=months' by value 5.</msg>
<arg>id=months</arg>
<arg>5</arg>
<doc>Selects options from selection list ``locator`` by ``values``.</doc>
<status status="PASS" start="2026-02-23T14:13:18.728192" elapsed="0.114008"/>
</kw>
<kw name="Select From List By Value" owner="SeleniumLibrary">
<msg time="2026-02-23T14:13:18.842200" level="INFO">Selecting options from selection list 'id=years' by value 1990.</msg>
<arg>id=years</arg>
<arg>1990</arg>
<doc>Selects options from selection list ``locator`` by ``values``.</doc>
<status status="PASS" start="2026-02-23T14:13:18.842200" elapsed="0.062073"/>
</kw>
<kw name="Select Checkbox" owner="SeleniumLibrary">
<msg time="2026-02-23T14:13:18.906295" level="INFO">Selecting checkbox 'id=newsletter'.</msg>
<arg>id=newsletter</arg>
<doc>Selects the checkbox identified by ``locator``.</doc>
<status status="PASS" start="2026-02-23T14:13:18.906295" elapsed="0.072509"/>
</kw>
<kw name="Select Checkbox" owner="SeleniumLibrary">
<msg time="2026-02-23T14:13:18.980310" level="INFO">Selecting checkbox 'id=optin'.</msg>
<arg>id=optin</arg>
<doc>Selects the checkbox identified by ``locator``.</doc>
<status status="PASS" start="2026-02-23T14:13:18.980310" elapsed="0.071028"/>
</kw>
<kw name="Input Text" owner="SeleniumLibrary">
<msg time="2026-02-23T14:13:19.051338" level="INFO">Typing text 'Sushant' into text field 'id=first_name'.</msg>
<arg>id=first_name</arg>
<arg>${FIRST_NAME}</arg>
<doc>Types the given ``text`` into the text field identified by ``locator``.</doc>
<status status="PASS" start="2026-02-23T14:13:19.051338" elapsed="0.062360"/>
</kw>
<kw name="Input Text" owner="SeleniumLibrary">
<msg time="2026-02-23T14:13:19.114696" level="INFO">Typing text 'Choudhary' into text field 'id=last_name'.</msg>
<arg>id=last_name</arg>
<arg>${LAST_NAME}</arg>
<doc>Types the given ``text`` into the text field identified by ``locator``.</doc>
<status status="PASS" start="2026-02-23T14:13:19.114696" elapsed="0.069497"/>
</kw>
<kw name="Input Text" owner="SeleniumLibrary">
<msg time="2026-02-23T14:13:19.185192" level="INFO">Typing text 'MyCompany' into text field 'id=company'.</msg>
<arg>id=company</arg>
<arg>${COMPANY}</arg>
<doc>Types the given ``text`` into the text field identified by ``locator``.</doc>
<status status="PASS" start="2026-02-23T14:13:19.185192" elapsed="0.066084"/>
</kw>
<kw name="Input Text" owner="SeleniumLibrary">
<msg time="2026-02-23T14:13:19.251276" level="INFO">Typing text '123 Main St' into text field 'id=address1'.</msg>
<arg>id=address1</arg>
<arg>${ADDRESS1}</arg>
<doc>Types the given ``text`` into the text field identified by ``locator``.</doc>
<status status="PASS" start="2026-02-23T14:13:19.251276" elapsed="0.069864"/>
</kw>
<kw name="Input Text" owner="SeleniumLibrary">
<msg time="2026-02-23T14:13:19.322140" level="INFO">Typing text 'Apt 4B' into text field 'id=address2'.</msg>
<arg>id=address2</arg>
<arg>${ADDRESS2}</arg>
<doc>Types the given ``text`` into the text field identified by ``locator``.</doc>
<status status="PASS" start="2026-02-23T14:13:19.321140" elapsed="0.061995"/>
</kw>
<kw name="Select From List By Value" owner="SeleniumLibrary">
<msg time="2026-02-23T14:13:19.384136" level="INFO">Selecting options from selection list 'id=country' by value India.</msg>
<arg>id=country</arg>
<arg>India</arg>
<doc>Selects options from selection list ``locator`` by ``values``.</doc>
<status status="PASS" start="2026-02-23T14:13:19.384136" elapsed="0.033525"/>
</kw>
<kw name="Input Text" owner="SeleniumLibrary">
<msg time="2026-02-23T14:13:19.418181" level="INFO">Typing text 'Delhi' into text field 'id=state'.</msg>
<arg>id=state</arg>
<arg>${STATE}</arg>
<doc>Types the given ``text`` into the text field identified by ``locator``.</doc>
<status status="PASS" start="2026-02-23T14:13:19.417661" elapsed="0.063461"/>
</kw>
<kw name="Input Text" owner="SeleniumLibrary">
<msg time="2026-02-23T14:13:19.482124" level="INFO">Typing text 'New Delhi' into text field 'id=city'.</msg>
<arg>id=city</arg>
<arg>${CITY}</arg>
<doc>Types the given ``text`` into the text field identified by ``locator``.</doc>
<status status="PASS" start="2026-02-23T14:13:19.482124" elapsed="0.066095"/>
</kw>
<kw name="Input Text" owner="SeleniumLibrary">
<msg time="2026-02-23T14:13:19.548729" level="INFO">Typing text '110001' into text field 'id=zipcode'.</msg>
<arg>id=zipcode</arg>
<arg>${ZIPCODE}</arg>
<doc>Types the given ``text`` into the text field identified by ``locator``.</doc>
<status status="PASS" start="2026-02-23T14:13:19.548219" elapsed="0.066330"/>
</kw>
<kw name="Input Text" owner="SeleniumLibrary">
<msg time="2026-02-23T14:13:19.615546" level="INFO">Typing text '1234567890' into text field 'id=mobile_number'.</msg>
<arg>id=mobile_number</arg>
<arg>${MOBILE}</arg>
<doc>Types the given ``text`` into the text field identified by ``locator``.</doc>
<status status="PASS" start="2026-02-23T14:13:19.615546" elapsed="0.102588"/>
</kw>
<kw name="Click Button" owner="SeleniumLibrary">
<msg time="2026-02-23T14:13:19.718134" level="INFO">Clicking button 'css=[data-qa="create-account"]'.</msg>
<arg>css=[data-qa="create-account"]</arg>
<doc>Clicks the button identified by ``locator``.</doc>
<status status="PASS" start="2026-02-23T14:13:19.718134" elapsed="1.755277"/>
</kw>
<kw name="Wait Until Element Is Visible" owner="SeleniumLibrary">
<arg>xpath=//b[text()='Account Created!']</arg>
<arg>timeout=10s</arg>
<doc>Waits until the element ``locator`` is visible.</doc>
<status status="PASS" start="2026-02-23T14:13:21.473411" elapsed="0.024200"/>
</kw>
<kw name="Click Element" owner="SeleniumLibrary">
<msg time="2026-02-23T14:13:21.498208" level="INFO">Clicking element 'css=[data-qa="continue-button"]'.</msg>
<arg>css=[data-qa="continue-button"]</arg>
<doc>Click the element identified by ``locator``.</doc>
<status status="PASS" start="2026-02-23T14:13:21.498208" elapsed="2.051672"/>
</kw>
<kw name="Wait Until Element Is Visible" owner="SeleniumLibrary">
<arg>xpath=//a[contains(., 'Logged in as') and contains(., '${NAME}')]</arg>
<arg>timeout=10s</arg>
<doc>Waits until the element ``locator`` is visible.</doc>
<status status="PASS" start="2026-02-23T14:13:23.550975" elapsed="0.024285"/>
</kw>
<kw name="Element Should Be Visible" owner="SeleniumLibrary">
<msg time="2026-02-23T14:13:23.587338" level="INFO">Element 'xpath=//a[contains(., 'Logged in as') and contains(., 'SUSHANT')]' is displayed.</msg>
<arg>xpath=//a[contains(., 'Logged in as') and contains(., '${NAME}')]</arg>
<doc>Verifies that the element identified by ``locator`` is visible.</doc>
<status status="PASS" start="2026-02-23T14:13:23.575260" elapsed="0.012078"/>
</kw>
<kw name="Close Browser" owner="SeleniumLibrary" type="TEARDOWN">
<doc>Closes the current browser.</doc>
<status status="PASS" start="2026-02-23T14:13:23.587338" elapsed="2.176284"/>
</kw>
<doc>End to End test to register a new user on Automation Exercise.</doc>
<status status="PASS" start="2026-02-23T14:13:12.225717" elapsed="13.539194"/>
</test>
<doc>Automation Exercise - Register User Test</doc>
<status status="PASS" start="2026-02-23T14:13:12.059327" elapsed="13.707660"/>
</suite>
<statistics>
<total>
<stat pass="1" fail="0" skip="0">All Tests</stat>
</total>
<tag>
</tag>
<suite>
<stat name="First" id="s1" pass="1" fail="0" skip="0">First</stat>
</suite>
</statistics>
<errors>
</errors>
</robot>
