<?xml version="1.0" encoding="UTF-8"?>
<robot generator="Robot 7.4.1 (Python 3.12.0 on win32)" generated="2026-02-18T15:20:26.208056" rpa="false" schemaversion="5">
<suite id="s1" name="SuiteLevelSetup" source="C:\Users\KIIT01\PycharmProjects\Selenium\TestSuite\SuiteLevelSetup.robot">
<kw name="Open DB" owner="Resource" type="SETUP">
<kw name="Log To Console" owner="BuiltIn">
<arg>Opening the DB</arg>
<doc>Logs the given message to the console.</doc>
<status status="PASS" start="2026-02-18T15:20:26.368676" elapsed="0.001019"/>
</kw>
<status status="PASS" start="2026-02-18T15:20:26.368676" elapsed="0.001019"/>
</kw>
<test id="s1-t1" name="Verify login with valid credentials" line="13">
<kw name="Login" owner="Resource">
<kw name="Log" owner="BuiltIn">
<msg time="2026-02-18T15:20:26.370678" level="INFO">Enter username</msg>
<arg>Enter username</arg>
<doc>Logs the given message with the given level.</doc>
<status status="PASS" start="2026-02-18T15:20:26.370678" elapsed="0.000000"/>
</kw>
<kw name="Log" owner="BuiltIn">
<msg time="2026-02-18T15:20:26.370678" level="INFO">Enter password</msg>
<arg>Enter password</arg>
<doc>Logs the given message with the given level.</doc>
<status status="PASS" start="2026-02-18T15:20:26.370678" elapsed="0.000000"/>
</kw>
<kw name="Log" owner="BuiltIn">
<msg time="2026-02-18T15:20:26.371679" level="INFO">click on login button</msg>
<arg>click on login button</arg>
<doc>Logs the given message with the given level.</doc>
<status status="PASS" start="2026-02-18T15:20:26.370678" elapsed="0.001001"/>
</kw>
<kw name="Log" owner="BuiltIn">
<msg time="2026-02-18T15:20:26.371679" level="INFO">user is on the home page</msg>
<arg>user is on the home page</arg>
<doc>Logs the given message with the given level.</doc>
<status status="PASS" start="2026-02-18T15:20:26.371679" elapsed="0.000000"/>
</kw>
<status status="PASS" start="2026-02-18T15:20:26.370678" elapsed="0.001001"/>
</kw>
<status status="PASS" start="2026-02-18T15:20:26.369695" elapsed="0.001984"/>
</test>
<test id="s1-t2" name="Verify Add to cart functionality" line="16">
<kw name="Login" owner="Resource">
<kw name="Log" owner="BuiltIn">
<msg time="2026-02-18T15:20:26.372371" level="INFO">Enter username</msg>
<arg>Enter username</arg>
<doc>Logs the given message with the given level.</doc>
<status status="PASS" start="2026-02-18T15:20:26.372371" elapsed="0.000000"/>
</kw>
<kw name="Log" owner="BuiltIn">
<msg time="2026-02-18T15:20:26.372371" level="INFO">Enter password</msg>
<arg>Enter password</arg>
<doc>Logs the given message with the given level.</doc>
<status status="PASS" start="2026-02-18T15:20:26.372371" elapsed="0.000000"/>
</kw>
<kw name="Log" owner="BuiltIn">
<msg time="2026-02-18T15:20:26.373967" level="INFO">click on login button</msg>
<arg>click on login button</arg>
<doc>Logs the given message with the given level.</doc>
<status status="PASS" start="2026-02-18T15:20:26.373967" elapsed="0.000000"/>
</kw>
<kw name="Log" owner="BuiltIn">
<msg time="2026-02-18T15:20:26.373967" level="INFO">user is on the home page</msg>
<arg>user is on the home page</arg>
<doc>Logs the given message with the given level.</doc>
<status status="PASS" start="2026-02-18T15:20:26.373967" elapsed="0.000000"/>
</kw>
<status status="PASS" start="2026-02-18T15:20:26.372371" elapsed="0.001596"/>
</kw>
<kw name="Log" owner="BuiltIn">
<msg time="2026-02-18T15:20:26.374492" level="INFO">User selects the product</msg>
<arg>User selects the product</arg>
<doc>Logs the given message with the given level.</doc>
<status status="PASS" start="2026-02-18T15:20:26.374492" elapsed="0.000000"/>
</kw>
<kw name="Log" owner="BuiltIn">
<msg time="2026-02-18T15:20:26.374492" level="INFO">User adds the product to the cart</msg>
<arg>User adds the product to the cart</arg>
<doc>Logs the given message with the given level.</doc>
<status status="PASS" start="2026-02-18T15:20:26.374492" elapsed="0.000000"/>
</kw>
<kw name="Log" owner="BuiltIn">
<msg time="2026-02-18T15:20:26.375503" level="INFO">User verifies that the product with details is added to the cart</msg>
<arg>User verifies that the product with details is added to the cart</arg>
<doc>Logs the given message with the given level.</doc>
<status status="PASS" start="2026-02-18T15:20:26.375503" elapsed="0.000000"/>
</kw>
<status status="PASS" start="2026-02-18T15:20:26.372371" elapsed="0.003753"/>
</test>
<kw name="Close DB" owner="Resource" type="TEARDOWN">
<kw name="Log To Console" owner="BuiltIn">
<arg>Closing the DB</arg>
<doc>Logs the given message to the console.</doc>
<status status="PASS" start="2026-02-18T15:20:26.376829" elapsed="0.000000"/>
</kw>
<status status="PASS" start="2026-02-18T15:20:26.376829" elapsed="0.001007"/>
</kw>
<status status="PASS" start="2026-02-18T15:20:26.210055" elapsed="0.167781"/>
</suite>
<statistics>
<total>
<stat pass="2" fail="0" skip="0">All Tests</stat>
</total>
<tag>
</tag>
<suite>
<stat name="SuiteLevelSetup" id="s1" pass="2" fail="0" skip="0">SuiteLevelSetup</stat>
</suite>
</statistics>
<errors>
</errors>
</robot>
