<?xml version="1.0" encoding="UTF-8"?>
<robot generator="Robot 7.4.1 (Python 3.12.0 on win32)" generated="2026-02-23T10:34:03.209436" rpa="false" schemaversion="5">
<suite id="s1" name="Login Test" source="C:\Users\KIIT01\PycharmProjects\Selenium\OrangeHRM\tests\login_test.robot">
<test id="s1-t1" name="TC_01 Verify Successful Employee Login" line="11">
<kw name="Open Browser And Launch Application" owner="CommonKeywords" type="SETUP">
<kw name="Open Browser" owner="SeleniumLibrary">
<msg time="2026-02-23T10:34:03.593690" level="INFO">Opening browser 'chrome' to base url 'https://opensource-demo.orangehrmlive.com/web/index.php/auth/login'.</msg>
<arg>${URL}</arg>
<arg>${BROWSER}</arg>
<doc>Opens a new browser instance to the optional ``url``.</doc>
<status status="PASS" start="2026-02-23T10:34:03.592698" elapsed="7.467971"/>
</kw>
<kw name="Maximize Browser Window" owner="SeleniumLibrary">
<doc>Maximizes current browser window.</doc>
<status status="PASS" start="2026-02-23T10:34:11.060669" elapsed="0.049840"/>
</kw>
<kw name="Sleep" owner="BuiltIn">
<msg time="2026-02-23T10:34:21.113412" level="INFO">Slept 10 seconds.</msg>
<arg>10s</arg>
<doc>Pauses the test executed for the given time.</doc>
<status status="PASS" start="2026-02-23T10:34:11.111602" elapsed="10.001810"/>
</kw>
<kw name="Wait Until Page Contains Element" owner="SeleniumLibrary">
<arg>xpath=//input[@name="username"]</arg>
<doc>Waits until the element ``locator`` appears on the current page.</doc>
<status status="PASS" start="2026-02-23T10:34:21.114539" elapsed="0.029755"/>
</kw>
<status status="PASS" start="2026-02-23T10:34:03.592698" elapsed="17.551596"/>
</kw>
<kw name="Input Text" owner="SeleniumLibrary">
<msg time="2026-02-23T10:34:21.145321" level="INFO">Typing text 'Admin' into text field 'xpath=//input[@name="username"]'.</msg>
<arg>xpath=//input[@name="username"]</arg>
<arg>${VALID_USER}</arg>
<doc>Types the given ``text`` into the text field identified by ``locator``.</doc>
<status status="PASS" start="2026-02-23T10:34:21.145321" elapsed="0.131777"/>
</kw>
<kw name="Input Password" owner="SeleniumLibrary">
<msg time="2026-02-23T10:34:21.278103" level="INFO">Typing password into text field 'xpath=//input[@name="password"]'.</msg>
<msg time="2026-02-23T10:34:21.322755" level="INFO">Temporally setting log level to: NONE</msg>
<arg>xpath=//input[@name="password"]</arg>
<arg>${VALID_PASS}</arg>
<doc>Types the given password into the text field identified by ``locator``.</doc>
<status status="PASS" start="2026-02-23T10:34:21.277098" elapsed="0.259373"/>
</kw>
<kw name="Click Button" owner="SeleniumLibrary">
<msg time="2026-02-23T10:34:21.541518" level="INFO">Clicking button 'xpath=//button[@type="submit"]'.</msg>
<arg>xpath=//button[@type="submit"]</arg>
<doc>Clicks the button identified by ``locator``.</doc>
<status status="PASS" start="2026-02-23T10:34:21.540515" elapsed="7.402888"/>
</kw>
<kw name="Sleep" owner="BuiltIn">
<msg time="2026-02-23T10:34:48.944266" level="INFO">Slept 20 seconds.</msg>
<arg>20s</arg>
<doc>Pauses the test executed for the given time.</doc>
<status status="PASS" start="2026-02-23T10:34:28.943403" elapsed="20.000863"/>
</kw>
<kw name="Wait Until Page Contains Element" owner="SeleniumLibrary">
<arg>xpath=//span[text()='Dashboard']</arg>
<doc>Waits until the element ``locator`` appears on the current page.</doc>
<status status="PASS" start="2026-02-23T10:34:48.945306" elapsed="0.018063"/>
</kw>
<kw name="Close Application" owner="CommonKeywords" type="TEARDOWN">
<kw name="Close Browser" owner="SeleniumLibrary">
<doc>Closes the current browser.</doc>
<status status="PASS" start="2026-02-23T10:34:48.966387" elapsed="2.236198"/>
</kw>
<status status="PASS" start="2026-02-23T10:34:48.965368" elapsed="2.237217"/>
</kw>
<status status="PASS" start="2026-02-23T10:34:03.591681" elapsed="47.610904"/>
</test>
<test id="s1-t2" name="TC_02 Verify Error Message On Invalid Login" line="26">
<kw name="Open Browser And Launch Application" owner="CommonKeywords" type="SETUP">
<kw name="Open Browser" owner="SeleniumLibrary">
<msg time="2026-02-23T10:34:51.204584" level="INFO">Opening browser 'chrome' to base url 'https://opensource-demo.orangehrmlive.com/web/index.php/auth/login'.</msg>
<arg>${URL}</arg>
<arg>${BROWSER}</arg>
<doc>Opens a new browser instance to the optional ``url``.</doc>
<status status="PASS" start="2026-02-23T10:34:51.204584" elapsed="6.197787"/>
</kw>
<kw name="Maximize Browser Window" owner="SeleniumLibrary">
<doc>Maximizes current browser window.</doc>
<status status="PASS" start="2026-02-23T10:34:57.402371" elapsed="0.028300"/>
</kw>
<kw name="Sleep" owner="BuiltIn">
<msg time="2026-02-23T10:35:07.432097" level="INFO">Slept 10 seconds.</msg>
<arg>10s</arg>
<doc>Pauses the test executed for the given time.</doc>
<status status="PASS" start="2026-02-23T10:34:57.430671" elapsed="10.001426"/>
</kw>
<kw name="Wait Until Page Contains Element" owner="SeleniumLibrary">
<arg>xpath=//input[@name="username"]</arg>
<doc>Waits until the element ``locator`` appears on the current page.</doc>
<status status="PASS" start="2026-02-23T10:35:07.433215" elapsed="0.030149"/>
</kw>
<status status="PASS" start="2026-02-23T10:34:51.204584" elapsed="16.258780"/>
</kw>
<kw name="Input Text" owner="SeleniumLibrary">
<msg time="2026-02-23T10:35:07.464361" level="INFO">Typing text 'Admin' into text field 'xpath=//input[@name="username"]'.</msg>
<arg>xpath=//input[@name="username"]</arg>
<arg>${VALID_USER}</arg>
<doc>Types the given ``text`` into the text field identified by ``locator``.</doc>
<status status="PASS" start="2026-02-23T10:35:07.464361" elapsed="0.151687"/>
</kw>
<kw name="Input Password" owner="SeleniumLibrary">
<msg time="2026-02-23T10:35:07.617057" level="INFO">Typing password into text field 'xpath=//input[@name="password"]'.</msg>
<msg time="2026-02-23T10:35:07.675151" level="INFO">Temporally setting log level to: NONE</msg>
<arg>xpath=//input[@name="password"]</arg>
<arg>wrong</arg>
<doc>Types the given password into the text field identified by ``locator``.</doc>
<status status="PASS" start="2026-02-23T10:35:07.616048" elapsed="0.154406"/>
</kw>
<kw name="Click Button" owner="SeleniumLibrary">
<msg time="2026-02-23T10:35:07.771433" level="INFO">Clicking button 'xpath=//button[@type="submit"]'.</msg>
<arg>xpath=//button[@type="submit"]</arg>
<doc>Clicks the button identified by ``locator``.</doc>
<status status="PASS" start="2026-02-23T10:35:07.771433" elapsed="0.171296"/>
</kw>
<kw name="Wait Until Page Contains" owner="SeleniumLibrary">
<arg>Invalid credentials</arg>
<doc>Waits until ``text`` appears on the current page.</doc>
<status status="PASS" start="2026-02-23T10:35:07.943735" elapsed="2.271060"/>
</kw>
<kw name="Close Application" owner="CommonKeywords" type="TEARDOWN">
<kw name="Close Browser" owner="SeleniumLibrary">
<doc>Closes the current browser.</doc>
<status status="PASS" start="2026-02-23T10:35:10.216301" elapsed="2.253151"/>
</kw>
<status status="PASS" start="2026-02-23T10:35:10.214795" elapsed="2.254657"/>
</kw>
<status status="PASS" start="2026-02-23T10:34:51.203588" elapsed="21.265864"/>
</test>
<status status="PASS" start="2026-02-23T10:34:03.210449" elapsed="69.259997"/>
</suite>
<statistics>
<total>
<stat pass="2" fail="0" skip="0">All Tests</stat>
</total>
<tag>
</tag>
<suite>
<stat name="Login Test" id="s1" pass="2" fail="0" skip="0">Login Test</stat>
</suite>
</statistics>
<errors>
<msg time="2026-02-23T10:34:03.589671" level="ERROR">Error in file 'C:\Users\KIIT01\PycharmProjects\Selenium\OrangeHRM\resources\CommonKeywords.robot' on line 3: Processing variable file 'Variables.robot' failed: Importing variable file 'Variables.robot' failed: ModuleNotFoundError: No module named 'Variables'
Traceback (most recent call last):
  None
PYTHONPATH:
  C:\Users\KIIT01\PycharmProjects\Selenium\.venv\Scripts\robot.exe
  C:\Program Files\Python312\python312.zip
  C:\Program Files\Python312\DLLs
  C:\Program Files\Python312\Lib
  C:\Program Files\Python312
  C:\Users\KIIT01\PycharmProjects\Selenium\.venv
  C:\Users\KIIT01\PycharmProjects\Selenium\.venv\Lib\site-packages</msg>
</errors>
</robot>
